{"entryPointName":"web-secure","level":"error","msg":"accept tcp [::]:443: use of closed network connection","time":"2020-11-30T14:53:52+07:00"}
{"entryPointName":"web-secure","level":"error","msg":"Error while starting server: http: Server closed","time":"2020-11-30T14:53:52+07:00"}
{"entryPointName":"web","level":"error","msg":"accept tcp [::]:80: use of closed network connection","time":"2020-11-30T14:53:52+07:00"}
{"entryPointName":"web-secure","level":"error","msg":"Error while starting server: http: Server closed","time":"2020-11-30T14:53:52+07:00"}
{"entryPointName":"web","level":"error","msg":"Error while starting server: http: Server closed","time":"2020-11-30T14:53:52+07:00"}
{"entryPointName":"traefik","level":"error","msg":"accept tcp [::]:8080: use of closed network connection","time":"2020-11-30T14:53:52+07:00"}
{"entryPointName":"traefik","level":"error","msg":"Error while starting server: http: Server closed","time":"2020-11-30T14:53:52+07:00"}
{"entryPointName":"web","level":"error","msg":"Error while starting server: http: Server closed","time":"2020-11-30T14:53:52+07:00"}
{"entryPointName":"traefik","level":"error","msg":"Error while starting server: http: Server closed","time":"2020-11-30T14:53:52+07:00"}
{"entryPointName":"web-secure","level":"error","msg":"close tcp [::]:443: use of closed network connection","time":"2020-11-30T14:53:52+07:00"}
{"entryPointName":"web","level":"error","msg":"close tcp [::]:80: use of closed network connection","time":"2020-11-30T14:53:52+07:00"}
{"entryPointName":"traefik","level":"error","msg":"close tcp [::]:8080: use of closed network connection","time":"2020-11-30T14:53:52+07:00"}
{"level":"error","msg":"Cannot connect to docker server context canceled","providerName":"docker","time":"2020-11-30T14:54:02+07:00"}
{"entryPointName":"traefik","level":"error","msg":"accept tcp [::]:8080: use of closed network connection","time":"2020-11-30T14:54:48+07:00"}
{"entryPointName":"traefik","level":"error","msg":"Error while starting server: http: Server closed","time":"2020-11-30T14:54:48+07:00"}
{"entryPointName":"web-secure","level":"error","msg":"accept tcp [::]:443: use of closed network connection","time":"2020-11-30T14:54:48+07:00"}
{"entryPointName":"web-secure","level":"error","msg":"Error while starting server: http: Server closed","time":"2020-11-30T14:54:48+07:00"}
{"entryPointName":"web","level":"error","msg":"accept tcp [::]:80: use of closed network connection","time":"2020-11-30T14:54:48+07:00"}
{"entryPointName":"web-secure","level":"error","msg":"Error while starting server: http: Server closed","time":"2020-11-30T14:54:48+07:00"}
{"entryPointName":"web","level":"error","msg":"Error while starting server: http: Server closed","time":"2020-11-30T14:54:48+07:00"}
{"entryPointName":"traefik","level":"error","msg":"Error while starting server: http: Server closed","time":"2020-11-30T14:54:48+07:00"}
{"entryPointName":"web","level":"error","msg":"Error while starting server: http: Server closed","time":"2020-11-30T14:54:48+07:00"}
{"entryPointName":"web-secure","level":"error","msg":"close tcp [::]:443: use of closed network connection","time":"2020-11-30T14:54:48+07:00"}
{"entryPointName":"traefik","level":"error","msg":"close tcp [::]:8080: use of closed network connection","time":"2020-11-30T14:54:48+07:00"}
{"entryPointName":"web","level":"error","msg":"close tcp [::]:80: use of closed network connection","time":"2020-11-30T14:54:48+07:00"}
{"entryPointName":"web","level":"error","msg":"accept tcp [::]:80: use of closed network connection","time":"2020-11-30T15:19:01+07:00"}
{"entryPointName":"web","level":"error","msg":"Error while starting server: http: Server closed","time":"2020-11-30T15:19:01+07:00"}
{"entryPointName":"traefik","level":"error","msg":"accept tcp [::]:8080: use of closed network connection","time":"2020-11-30T15:19:01+07:00"}
{"entryPointName":"traefik","level":"error","msg":"Error while starting server: http: Server closed","time":"2020-11-30T15:19:01+07:00"}
{"entryPointName":"web","level":"error","msg":"Error while starting server: http: Server closed","time":"2020-11-30T15:19:01+07:00"}
{"entryPointName":"web-secure","level":"error","msg":"accept tcp [::]:443: use of closed network connection","time":"2020-11-30T15:19:01+07:00"}
{"entryPointName":"web-secure","level":"error","msg":"Error while starting server: http: Server closed","time":"2020-11-30T15:19:01+07:00"}
{"entryPointName":"traefik","level":"error","msg":"Error while starting server: http: Server closed","time":"2020-11-30T15:19:01+07:00"}
{"entryPointName":"web-secure","level":"error","msg":"Error while starting server: http: Server closed","time":"2020-11-30T15:19:01+07:00"}
{"entryPointName":"traefik","level":"error","msg":"close tcp [::]:8080: use of closed network connection","time":"2020-11-30T15:19:01+07:00"}
{"entryPointName":"web","level":"error","msg":"close tcp [::]:80: use of closed network connection","time":"2020-11-30T15:19:01+07:00"}
{"entryPointName":"web-secure","level":"error","msg":"close tcp [::]:443: use of closed network connection","time":"2020-11-30T15:19:01+07:00"}
{"entryPointName":"web-secure","level":"error","msg":"accept tcp [::]:443: use of closed network connection","time":"2020-11-30T15:25:20+07:00"}
{"entryPointName":"traefik","level":"error","msg":"accept tcp [::]:8080: use of closed network connection","time":"2020-11-30T15:25:20+07:00"}
{"entryPointName":"web-secure","level":"error","msg":"Error while starting server: http: Server closed","time":"2020-11-30T15:25:20+07:00"}
{"entryPointName":"traefik","level":"error","msg":"Error while starting server: http: Server closed","time":"2020-11-30T15:25:20+07:00"}
{"entryPointName":"web","level":"error","msg":"accept tcp [::]:80: use of closed network connection","time":"2020-11-30T15:25:20+07:00"}
{"entryPointName":"web","level":"error","msg":"Error while starting server: http: Server closed","time":"2020-11-30T15:25:20+07:00"}
{"entryPointName":"web-secure","level":"error","msg":"Error while starting server: http: Server closed","time":"2020-11-30T15:25:20+07:00"}
{"entryPointName":"web","level":"error","msg":"Error while starting server: http: Server closed","time":"2020-11-30T15:25:20+07:00"}
{"entryPointName":"traefik","level":"error","msg":"Error while starting server: http: Server closed","time":"2020-11-30T15:25:20+07:00"}
{"entryPointName":"web-secure","level":"error","msg":"close tcp [::]:443: use of closed network connection","time":"2020-11-30T15:25:20+07:00"}
{"entryPointName":"web","level":"error","msg":"close tcp [::]:80: use of closed network connection","time":"2020-11-30T15:25:20+07:00"}
{"entryPointName":"traefik","level":"error","msg":"close tcp [::]:8080: use of closed network connection","time":"2020-11-30T15:25:20+07:00"}
{"level":"error","msg":"Cannot connect to docker server context canceled","providerName":"docker","time":"2020-11-30T15:25:20+07:00"}
